2024-10-01T10:52:32.062+07:00  INFO 24504 --- [loyalty-simulator] [main] c.l.l.LoyaltySimulatorApplication        : Starting LoyaltySimulatorApplication using Java 17.0.11 with PID 24504 (D:\coding\loyalty-simulator\build\classes\java\main started by 67754 in D:\coding\loyalty-simulator)
2024-10-01T10:52:32.062+07:00  INFO 24504 --- [loyalty-simulator] [main] c.l.l.LoyaltySimulatorApplication        : No active profile set, falling back to 1 default profile: "default"
2024-10-01T10:52:33.816+07:00  INFO 24504 --- [loyalty-simulator] [main] .s.d.r.c.RepositoryConfigurationDelegate : Bootstrapping Spring Data JPA repositories in DEFAULT mode.
2024-10-01T10:52:33.888+07:00  INFO 24504 --- [loyalty-simulator] [main] .s.d.r.c.RepositoryConfigurationDelegate : Finished Spring Data repository scanning in 64 ms. Found 5 JPA repository interfaces.
2024-10-01T10:52:34.457+07:00  INFO 24504 --- [loyalty-simulator] [main] o.s.b.w.embedded.tomcat.TomcatWebServer  : Tomcat initialized with port 8080 (http)
2024-10-01T10:52:34.475+07:00  INFO 24504 --- [loyalty-simulator] [main] o.apache.catalina.core.StandardService   : Starting service [Tomcat]
2024-10-01T10:52:34.475+07:00  INFO 24504 --- [loyalty-simulator] [main] o.apache.catalina.core.StandardEngine    : Starting Servlet engine: [Apache Tomcat/10.1.28]
2024-10-01T10:52:34.567+07:00  INFO 24504 --- [loyalty-simulator] [main] o.a.c.c.C.[Tomcat].[localhost].[/]       : Initializing Spring embedded WebApplicationContext
2024-10-01T10:52:34.568+07:00  INFO 24504 --- [loyalty-simulator] [main] w.s.c.ServletWebServerApplicationContext : Root WebApplicationContext: initialization completed in 2461 ms
2024-10-01T10:52:34.800+07:00  INFO 24504 --- [loyalty-simulator] [main] o.hibernate.jpa.internal.util.LogHelper  : HHH000204: Processing PersistenceUnitInfo [name: default]
2024-10-01T10:52:34.883+07:00  INFO 24504 --- [loyalty-simulator] [main] org.hibernate.Version                    : HHH000412: Hibernate ORM core version 6.5.2.Final
2024-10-01T10:52:34.926+07:00  INFO 24504 --- [loyalty-simulator] [main] o.h.c.internal.RegionFactoryInitiator    : HHH000026: Second-level cache disabled
2024-10-01T10:52:35.391+07:00  INFO 24504 --- [loyalty-simulator] [main] o.s.o.j.p.SpringPersistenceUnitInfo      : No LoadTimeWeaver setup: ignoring JPA class transformer
2024-10-01T10:52:35.423+07:00  INFO 24504 --- [loyalty-simulator] [main] com.zaxxer.hikari.HikariDataSource       : HikariPool-1 - Starting...
2024-10-01T10:52:36.233+07:00  INFO 24504 --- [loyalty-simulator] [main] com.zaxxer.hikari.pool.HikariPool        : HikariPool-1 - Added connection oracle.jdbc.driver.T4CConnection@3ba3f40d
2024-10-01T10:52:36.238+07:00  INFO 24504 --- [loyalty-simulator] [main] com.zaxxer.hikari.HikariDataSource       : HikariPool-1 - Start completed.
2024-10-01T10:52:36.591+07:00  WARN 24504 --- [loyalty-simulator] [main] org.hibernate.dialect.Dialect            : HHH000511: The 12.2.0 version for [org.hibernate.dialect.OracleDialect] is no longer supported, hence certain features may not work properly. The minimum supported version is 19.0.0. Check the community dialects project for available legacy versions.
2024-10-01T10:52:40.467+07:00  INFO 24504 --- [loyalty-simulator] [main] o.h.e.t.j.p.i.JtaPlatformInitiator       : HHH000489: No JTA platform available (set 'hibernate.transaction.jta.platform' to enable JTA platform integration)
2024-10-01T10:52:45.341+07:00  INFO 24504 --- [loyalty-simulator] [main] j.LocalContainerEntityManagerFactoryBean : Initialized JPA EntityManagerFactory for persistence unit 'default'
2024-10-01T10:52:45.746+07:00  WARN 24504 --- [loyalty-simulator] [main] JpaBaseConfiguration$JpaWebConfiguration : spring.jpa.open-in-view is enabled by default. Therefore, database queries may be performed during view rendering. Explicitly configure spring.jpa.open-in-view to disable this warning
2024-10-01T10:52:46.070+07:00  INFO 24504 --- [loyalty-simulator] [main] o.s.b.w.embedded.tomcat.TomcatWebServer  : Tomcat started on port 8080 (http) with context path '/'
2024-10-01T10:52:46.081+07:00  INFO 24504 --- [loyalty-simulator] [main] c.l.l.LoyaltySimulatorApplication        : Started LoyaltySimulatorApplication in 14.439 seconds (process running for 15.235)
2024-10-01T10:54:15.815+07:00  INFO 24504 --- [loyalty-simulator] [http-nio-8080-exec-1] o.a.c.c.C.[Tomcat].[localhost].[/]       : Initializing Spring DispatcherServlet 'dispatcherServlet'
2024-10-01T10:54:15.815+07:00  INFO 24504 --- [loyalty-simulator] [http-nio-8080-exec-1] o.s.web.servlet.DispatcherServlet        : Initializing Servlet 'dispatcherServlet'
2024-10-01T10:54:15.817+07:00  INFO 24504 --- [loyalty-simulator] [http-nio-8080-exec-1] o.s.web.servlet.DispatcherServlet        : Completed initialization in 1 ms
2024-10-01T10:54:16.077+07:00  WARN 24504 --- [loyalty-simulator] [http-nio-8080-exec-1] c.l.l.services.CalculatePointService     : transaction not found
2024-10-01T10:54:16.083+07:00 ERROR 24504 --- [loyalty-simulator] [http-nio-8080-exec-1] o.a.c.c.C.[.[.[/].[dispatcherServlet]    : Servlet.service() for servlet [dispatcherServlet] in context with path [] threw exception [Request processing failed: com.loyalty.loyalty_simulator.exceptions.NotFoundException: transaction not found] with root cause

com.loyalty.loyalty_simulator.exceptions.NotFoundException: transaction not found
	at com.loyalty.loyalty_simulator.services.CalculatePointService.earning(CalculatePointService.java:38) ~[main/:na]
	at com.loyalty.loyalty_simulator.controllers.CalculatePointController.earning(CalculatePointController.java:25) ~[main/:na]
	at java.base/jdk.internal.reflect.NativeMethodAccessorImpl.invoke0(Native Method) ~[na:na]
	at java.base/jdk.internal.reflect.NativeMethodAccessorImpl.invoke(NativeMethodAccessorImpl.java:77) ~[na:na]
	at java.base/jdk.internal.reflect.DelegatingMethodAccessorImpl.invoke(DelegatingMethodAccessorImpl.java:43) ~[na:na]
	at java.base/java.lang.reflect.Method.invoke(Method.java:568) ~[na:na]
	at org.springframework.web.method.support.InvocableHandlerMethod.doInvoke(InvocableHandlerMethod.java:255) ~[spring-web-6.1.12.jar:6.1.12]
	at org.springframework.web.method.support.InvocableHandlerMethod.invokeForRequest(InvocableHandlerMethod.java:188) ~[spring-web-6.1.12.jar:6.1.12]
	at org.springframework.web.servlet.mvc.method.annotation.ServletInvocableHandlerMethod.invokeAndHandle(ServletInvocableHandlerMethod.java:118) ~[spring-webmvc-6.1.12.jar:6.1.12]
	at org.springframework.web.servlet.mvc.method.annotation.RequestMappingHandlerAdapter.invokeHandlerMethod(RequestMappingHandlerAdapter.java:926) ~[spring-webmvc-6.1.12.jar:6.1.12]
	at org.springframework.web.servlet.mvc.method.annotation.RequestMappingHandlerAdapter.handleInternal(RequestMappingHandlerAdapter.java:831) ~[spring-webmvc-6.1.12.jar:6.1.12]
	at org.springframework.web.servlet.mvc.method.AbstractHandlerMethodAdapter.handle(AbstractHandlerMethodAdapter.java:87) ~[spring-webmvc-6.1.12.jar:6.1.12]
	at org.springframework.web.servlet.DispatcherServlet.doDispatch(DispatcherServlet.java:1089) ~[spring-webmvc-6.1.12.jar:6.1.12]
	at org.springframework.web.servlet.DispatcherServlet.doService(DispatcherServlet.java:979) ~[spring-webmvc-6.1.12.jar:6.1.12]
	at org.springframework.web.servlet.FrameworkServlet.processRequest(FrameworkServlet.java:1014) ~[spring-webmvc-6.1.12.jar:6.1.12]
	at org.springframework.web.servlet.FrameworkServlet.doPost(FrameworkServlet.java:914) ~[spring-webmvc-6.1.12.jar:6.1.12]
	at jakarta.servlet.http.HttpServlet.service(HttpServlet.java:590) ~[tomcat-embed-core-10.1.28.jar:6.0]
	at org.springframework.web.servlet.FrameworkServlet.service(FrameworkServlet.java:885) ~[spring-webmvc-6.1.12.jar:6.1.12]
	at jakarta.servlet.http.HttpServlet.service(HttpServlet.java:658) ~[tomcat-embed-core-10.1.28.jar:6.0]
	at org.apache.catalina.core.ApplicationFilterChain.internalDoFilter(ApplicationFilterChain.java:195) ~[tomcat-embed-core-10.1.28.jar:10.1.28]
	at org.apache.catalina.core.ApplicationFilterChain.doFilter(ApplicationFilterChain.java:140) ~[tomcat-embed-core-10.1.28.jar:10.1.28]
	at org.apache.tomcat.websocket.server.WsFilter.doFilter(WsFilter.java:51) ~[tomcat-embed-websocket-10.1.28.jar:10.1.28]
	at org.apache.catalina.core.ApplicationFilterChain.internalDoFilter(ApplicationFilterChain.java:164) ~[tomcat-embed-core-10.1.28.jar:10.1.28]
	at org.apache.catalina.core.ApplicationFilterChain.doFilter(ApplicationFilterChain.java:140) ~[tomcat-embed-core-10.1.28.jar:10.1.28]
	at org.springframework.web.filter.RequestContextFilter.doFilterInternal(RequestContextFilter.java:100) ~[spring-web-6.1.12.jar:6.1.12]
	at org.springframework.web.filter.OncePerRequestFilter.doFilter(OncePerRequestFilter.java:116) ~[spring-web-6.1.12.jar:6.1.12]
	at org.apache.catalina.core.ApplicationFilterChain.internalDoFilter(ApplicationFilterChain.java:164) ~[tomcat-embed-core-10.1.28.jar:10.1.28]
	at org.apache.catalina.core.ApplicationFilterChain.doFilter(ApplicationFilterChain.java:140) ~[tomcat-embed-core-10.1.28.jar:10.1.28]
	at org.springframework.web.filter.FormContentFilter.doFilterInternal(FormContentFilter.java:93) ~[spring-web-6.1.12.jar:6.1.12]
	at org.springframework.web.filter.OncePerRequestFilter.doFilter(OncePerRequestFilter.java:116) ~[spring-web-6.1.12.jar:6.1.12]
	at org.apache.catalina.core.ApplicationFilterChain.internalDoFilter(ApplicationFilterChain.java:164) ~[tomcat-embed-core-10.1.28.jar:10.1.28]
	at org.apache.catalina.core.ApplicationFilterChain.doFilter(ApplicationFilterChain.java:140) ~[tomcat-embed-core-10.1.28.jar:10.1.28]
	at org.springframework.web.filter.CharacterEncodingFilter.doFilterInternal(CharacterEncodingFilter.java:201) ~[spring-web-6.1.12.jar:6.1.12]
	at org.springframework.web.filter.OncePerRequestFilter.doFilter(OncePerRequestFilter.java:116) ~[spring-web-6.1.12.jar:6.1.12]
	at org.apache.catalina.core.ApplicationFilterChain.internalDoFilter(ApplicationFilterChain.java:164) ~[tomcat-embed-core-10.1.28.jar:10.1.28]
	at org.apache.catalina.core.ApplicationFilterChain.doFilter(ApplicationFilterChain.java:140) ~[tomcat-embed-core-10.1.28.jar:10.1.28]
	at org.apache.catalina.core.StandardWrapperValve.invoke(StandardWrapperValve.java:167) ~[tomcat-embed-core-10.1.28.jar:10.1.28]
	at org.apache.catalina.core.StandardContextValve.invoke(StandardContextValve.java:90) ~[tomcat-embed-core-10.1.28.jar:10.1.28]
	at org.apache.catalina.authenticator.AuthenticatorBase.invoke(AuthenticatorBase.java:483) ~[tomcat-embed-core-10.1.28.jar:10.1.28]
	at org.apache.catalina.core.StandardHostValve.invoke(StandardHostValve.java:115) ~[tomcat-embed-core-10.1.28.jar:10.1.28]
	at org.apache.catalina.valves.ErrorReportValve.invoke(ErrorReportValve.java:93) ~[tomcat-embed-core-10.1.28.jar:10.1.28]
	at org.apache.catalina.core.StandardEngineValve.invoke(StandardEngineValve.java:74) ~[tomcat-embed-core-10.1.28.jar:10.1.28]
	at org.apache.catalina.connector.CoyoteAdapter.service(CoyoteAdapter.java:344) ~[tomcat-embed-core-10.1.28.jar:10.1.28]
	at org.apache.coyote.http11.Http11Processor.service(Http11Processor.java:384) ~[tomcat-embed-core-10.1.28.jar:10.1.28]
	at org.apache.coyote.AbstractProcessorLight.process(AbstractProcessorLight.java:63) ~[tomcat-embed-core-10.1.28.jar:10.1.28]
	at org.apache.coyote.AbstractProtocol$ConnectionHandler.process(AbstractProtocol.java:904) ~[tomcat-embed-core-10.1.28.jar:10.1.28]
	at org.apache.tomcat.util.net.NioEndpoint$SocketProcessor.doRun(NioEndpoint.java:1741) ~[tomcat-embed-core-10.1.28.jar:10.1.28]
	at org.apache.tomcat.util.net.SocketProcessorBase.run(SocketProcessorBase.java:52) ~[tomcat-embed-core-10.1.28.jar:10.1.28]
	at org.apache.tomcat.util.threads.ThreadPoolExecutor.runWorker(ThreadPoolExecutor.java:1190) ~[tomcat-embed-core-10.1.28.jar:10.1.28]
	at org.apache.tomcat.util.threads.ThreadPoolExecutor$Worker.run(ThreadPoolExecutor.java:659) ~[tomcat-embed-core-10.1.28.jar:10.1.28]
	at org.apache.tomcat.util.threads.TaskThread$WrappingRunnable.run(TaskThread.java:63) ~[tomcat-embed-core-10.1.28.jar:10.1.28]
	at java.base/java.lang.Thread.run(Thread.java:842) ~[na:na]

2024-10-01T10:54:45.523+07:00  WARN 24504 --- [loyalty-simulator] [http-nio-8080-exec-5] c.l.l.services.CalculatePointService     : transaction not found
2024-10-01T10:54:45.526+07:00 ERROR 24504 --- [loyalty-simulator] [http-nio-8080-exec-5] o.a.c.c.C.[.[.[/].[dispatcherServlet]    : Servlet.service() for servlet [dispatcherServlet] in context with path [] threw exception [Request processing failed: com.loyalty.loyalty_simulator.exceptions.NotFoundException: transaction not found] with root cause

com.loyalty.loyalty_simulator.exceptions.NotFoundException: transaction not found
	at com.loyalty.loyalty_simulator.services.CalculatePointService.earning(CalculatePointService.java:38) ~[main/:na]
	at com.loyalty.loyalty_simulator.controllers.CalculatePointController.earning(CalculatePointController.java:25) ~[main/:na]
	at java.base/jdk.internal.reflect.NativeMethodAccessorImpl.invoke0(Native Method) ~[na:na]
	at java.base/jdk.internal.reflect.NativeMethodAccessorImpl.invoke(NativeMethodAccessorImpl.java:77) ~[na:na]
	at java.base/jdk.internal.reflect.DelegatingMethodAccessorImpl.invoke(DelegatingMethodAccessorImpl.java:43) ~[na:na]
	at java.base/java.lang.reflect.Method.invoke(Method.java:568) ~[na:na]
	at org.springframework.web.method.support.InvocableHandlerMethod.doInvoke(InvocableHandlerMethod.java:255) ~[spring-web-6.1.12.jar:6.1.12]
	at org.springframework.web.method.support.InvocableHandlerMethod.invokeForRequest(InvocableHandlerMethod.java:188) ~[spring-web-6.1.12.jar:6.1.12]
	at org.springframework.web.servlet.mvc.method.annotation.ServletInvocableHandlerMethod.invokeAndHandle(ServletInvocableHandlerMethod.java:118) ~[spring-webmvc-6.1.12.jar:6.1.12]
	at org.springframework.web.servlet.mvc.method.annotation.RequestMappingHandlerAdapter.invokeHandlerMethod(RequestMappingHandlerAdapter.java:926) ~[spring-webmvc-6.1.12.jar:6.1.12]
	at org.springframework.web.servlet.mvc.method.annotation.RequestMappingHandlerAdapter.handleInternal(RequestMappingHandlerAdapter.java:831) ~[spring-webmvc-6.1.12.jar:6.1.12]
	at org.springframework.web.servlet.mvc.method.AbstractHandlerMethodAdapter.handle(AbstractHandlerMethodAdapter.java:87) ~[spring-webmvc-6.1.12.jar:6.1.12]
	at org.springframework.web.servlet.DispatcherServlet.doDispatch(DispatcherServlet.java:1089) ~[spring-webmvc-6.1.12.jar:6.1.12]
	at org.springframework.web.servlet.DispatcherServlet.doService(DispatcherServlet.java:979) ~[spring-webmvc-6.1.12.jar:6.1.12]
	at org.springframework.web.servlet.FrameworkServlet.processRequest(FrameworkServlet.java:1014) ~[spring-webmvc-6.1.12.jar:6.1.12]
	at org.springframework.web.servlet.FrameworkServlet.doPost(FrameworkServlet.java:914) ~[spring-webmvc-6.1.12.jar:6.1.12]
	at jakarta.servlet.http.HttpServlet.service(HttpServlet.java:590) ~[tomcat-embed-core-10.1.28.jar:6.0]
	at org.springframework.web.servlet.FrameworkServlet.service(FrameworkServlet.java:885) ~[spring-webmvc-6.1.12.jar:6.1.12]
	at jakarta.servlet.http.HttpServlet.service(HttpServlet.java:658) ~[tomcat-embed-core-10.1.28.jar:6.0]
	at org.apache.catalina.core.ApplicationFilterChain.internalDoFilter(ApplicationFilterChain.java:195) ~[tomcat-embed-core-10.1.28.jar:10.1.28]
	at org.apache.catalina.core.ApplicationFilterChain.doFilter(ApplicationFilterChain.java:140) ~[tomcat-embed-core-10.1.28.jar:10.1.28]
	at org.apache.tomcat.websocket.server.WsFilter.doFilter(WsFilter.java:51) ~[tomcat-embed-websocket-10.1.28.jar:10.1.28]
	at org.apache.catalina.core.ApplicationFilterChain.internalDoFilter(ApplicationFilterChain.java:164) ~[tomcat-embed-core-10.1.28.jar:10.1.28]
	at org.apache.catalina.core.ApplicationFilterChain.doFilter(ApplicationFilterChain.java:140) ~[tomcat-embed-core-10.1.28.jar:10.1.28]
	at org.springframework.web.filter.RequestContextFilter.doFilterInternal(RequestContextFilter.java:100) ~[spring-web-6.1.12.jar:6.1.12]
	at org.springframework.web.filter.OncePerRequestFilter.doFilter(OncePerRequestFilter.java:116) ~[spring-web-6.1.12.jar:6.1.12]
	at org.apache.catalina.core.ApplicationFilterChain.internalDoFilter(ApplicationFilterChain.java:164) ~[tomcat-embed-core-10.1.28.jar:10.1.28]
	at org.apache.catalina.core.ApplicationFilterChain.doFilter(ApplicationFilterChain.java:140) ~[tomcat-embed-core-10.1.28.jar:10.1.28]
	at org.springframework.web.filter.FormContentFilter.doFilterInternal(FormContentFilter.java:93) ~[spring-web-6.1.12.jar:6.1.12]
	at org.springframework.web.filter.OncePerRequestFilter.doFilter(OncePerRequestFilter.java:116) ~[spring-web-6.1.12.jar:6.1.12]
	at org.apache.catalina.core.ApplicationFilterChain.internalDoFilter(ApplicationFilterChain.java:164) ~[tomcat-embed-core-10.1.28.jar:10.1.28]
	at org.apache.catalina.core.ApplicationFilterChain.doFilter(ApplicationFilterChain.java:140) ~[tomcat-embed-core-10.1.28.jar:10.1.28]
	at org.springframework.web.filter.CharacterEncodingFilter.doFilterInternal(CharacterEncodingFilter.java:201) ~[spring-web-6.1.12.jar:6.1.12]
	at org.springframework.web.filter.OncePerRequestFilter.doFilter(OncePerRequestFilter.java:116) ~[spring-web-6.1.12.jar:6.1.12]
	at org.apache.catalina.core.ApplicationFilterChain.internalDoFilter(ApplicationFilterChain.java:164) ~[tomcat-embed-core-10.1.28.jar:10.1.28]
	at org.apache.catalina.core.ApplicationFilterChain.doFilter(ApplicationFilterChain.java:140) ~[tomcat-embed-core-10.1.28.jar:10.1.28]
	at org.apache.catalina.core.StandardWrapperValve.invoke(StandardWrapperValve.java:167) ~[tomcat-embed-core-10.1.28.jar:10.1.28]
	at org.apache.catalina.core.StandardContextValve.invoke(StandardContextValve.java:90) ~[tomcat-embed-core-10.1.28.jar:10.1.28]
	at org.apache.catalina.authenticator.AuthenticatorBase.invoke(AuthenticatorBase.java:483) ~[tomcat-embed-core-10.1.28.jar:10.1.28]
	at org.apache.catalina.core.StandardHostValve.invoke(StandardHostValve.java:115) ~[tomcat-embed-core-10.1.28.jar:10.1.28]
	at org.apache.catalina.valves.ErrorReportValve.invoke(ErrorReportValve.java:93) ~[tomcat-embed-core-10.1.28.jar:10.1.28]
	at org.apache.catalina.core.StandardEngineValve.invoke(StandardEngineValve.java:74) ~[tomcat-embed-core-10.1.28.jar:10.1.28]
	at org.apache.catalina.connector.CoyoteAdapter.service(CoyoteAdapter.java:344) ~[tomcat-embed-core-10.1.28.jar:10.1.28]
	at org.apache.coyote.http11.Http11Processor.service(Http11Processor.java:384) ~[tomcat-embed-core-10.1.28.jar:10.1.28]
	at org.apache.coyote.AbstractProcessorLight.process(AbstractProcessorLight.java:63) ~[tomcat-embed-core-10.1.28.jar:10.1.28]
	at org.apache.coyote.AbstractProtocol$ConnectionHandler.process(AbstractProtocol.java:904) ~[tomcat-embed-core-10.1.28.jar:10.1.28]
	at org.apache.tomcat.util.net.NioEndpoint$SocketProcessor.doRun(NioEndpoint.java:1741) ~[tomcat-embed-core-10.1.28.jar:10.1.28]
	at org.apache.tomcat.util.net.SocketProcessorBase.run(SocketProcessorBase.java:52) ~[tomcat-embed-core-10.1.28.jar:10.1.28]
	at org.apache.tomcat.util.threads.ThreadPoolExecutor.runWorker(ThreadPoolExecutor.java:1190) ~[tomcat-embed-core-10.1.28.jar:10.1.28]
	at org.apache.tomcat.util.threads.ThreadPoolExecutor$Worker.run(ThreadPoolExecutor.java:659) ~[tomcat-embed-core-10.1.28.jar:10.1.28]
	at org.apache.tomcat.util.threads.TaskThread$WrappingRunnable.run(TaskThread.java:63) ~[tomcat-embed-core-10.1.28.jar:10.1.28]
	at java.base/java.lang.Thread.run(Thread.java:842) ~[na:na]

2024-10-01T10:55:21.166+07:00  INFO 24504 --- [loyalty-simulator] [SpringApplicationShutdownHook] j.LocalContainerEntityManagerFactoryBean : Closing JPA EntityManagerFactory for persistence unit 'default'
2024-10-01T10:55:21.173+07:00  INFO 24504 --- [loyalty-simulator] [SpringApplicationShutdownHook] com.zaxxer.hikari.HikariDataSource       : HikariPool-1 - Shutdown initiated...
2024-10-01T10:55:21.639+07:00  INFO 24504 --- [loyalty-simulator] [SpringApplicationShutdownHook] com.zaxxer.hikari.HikariDataSource       : HikariPool-1 - Shutdown completed.
2024-10-01T10:55:25.531+07:00  INFO 14324 --- [loyalty-simulator] [main] c.l.l.LoyaltySimulatorApplication        : Starting LoyaltySimulatorApplication using Java 17.0.11 with PID 14324 (D:\coding\loyalty-simulator\build\classes\java\main started by 67754 in D:\coding\loyalty-simulator)
2024-10-01T10:55:25.531+07:00  INFO 14324 --- [loyalty-simulator] [main] c.l.l.LoyaltySimulatorApplication        : No active profile set, falling back to 1 default profile: "default"
2024-10-01T10:55:26.162+07:00  INFO 14324 --- [loyalty-simulator] [main] .s.d.r.c.RepositoryConfigurationDelegate : Bootstrapping Spring Data JPA repositories in DEFAULT mode.
2024-10-01T10:55:26.225+07:00  INFO 14324 --- [loyalty-simulator] [main] .s.d.r.c.RepositoryConfigurationDelegate : Finished Spring Data repository scanning in 53 ms. Found 5 JPA repository interfaces.
2024-10-01T10:55:26.651+07:00  INFO 14324 --- [loyalty-simulator] [main] o.s.b.w.embedded.tomcat.TomcatWebServer  : Tomcat initialized with port 8080 (http)
2024-10-01T10:55:26.671+07:00  INFO 14324 --- [loyalty-simulator] [main] o.apache.catalina.core.StandardService   : Starting service [Tomcat]
2024-10-01T10:55:26.671+07:00  INFO 14324 --- [loyalty-simulator] [main] o.apache.catalina.core.StandardEngine    : Starting Servlet engine: [Apache Tomcat/10.1.28]
2024-10-01T10:55:26.729+07:00  INFO 14324 --- [loyalty-simulator] [main] o.a.c.c.C.[Tomcat].[localhost].[/]       : Initializing Spring embedded WebApplicationContext
2024-10-01T10:55:26.729+07:00  INFO 14324 --- [loyalty-simulator] [main] w.s.c.ServletWebServerApplicationContext : Root WebApplicationContext: initialization completed in 1146 ms
2024-10-01T10:55:26.888+07:00  INFO 14324 --- [loyalty-simulator] [main] o.hibernate.jpa.internal.util.LogHelper  : HHH000204: Processing PersistenceUnitInfo [name: default]
2024-10-01T10:55:26.920+07:00  INFO 14324 --- [loyalty-simulator] [main] org.hibernate.Version                    : HHH000412: Hibernate ORM core version 6.5.2.Final
2024-10-01T10:55:26.936+07:00  INFO 14324 --- [loyalty-simulator] [main] o.h.c.internal.RegionFactoryInitiator    : HHH000026: Second-level cache disabled
2024-10-01T10:55:27.207+07:00  INFO 14324 --- [loyalty-simulator] [main] o.s.o.j.p.SpringPersistenceUnitInfo      : No LoadTimeWeaver setup: ignoring JPA class transformer
2024-10-01T10:55:27.221+07:00  INFO 14324 --- [loyalty-simulator] [main] com.zaxxer.hikari.HikariDataSource       : HikariPool-1 - Starting...
2024-10-01T10:55:27.727+07:00  INFO 14324 --- [loyalty-simulator] [main] com.zaxxer.hikari.pool.HikariPool        : HikariPool-1 - Added connection oracle.jdbc.driver.T4CConnection@98637a2
2024-10-01T10:55:27.742+07:00  INFO 14324 --- [loyalty-simulator] [main] com.zaxxer.hikari.HikariDataSource       : HikariPool-1 - Start completed.
2024-10-01T10:55:27.916+07:00  WARN 14324 --- [loyalty-simulator] [main] org.hibernate.dialect.Dialect            : HHH000511: The 12.2.0 version for [org.hibernate.dialect.OracleDialect] is no longer supported, hence certain features may not work properly. The minimum supported version is 19.0.0. Check the community dialects project for available legacy versions.
2024-10-01T10:55:30.473+07:00  INFO 14324 --- [loyalty-simulator] [main] o.h.e.t.j.p.i.JtaPlatformInitiator       : HHH000489: No JTA platform available (set 'hibernate.transaction.jta.platform' to enable JTA platform integration)
2024-10-01T10:55:33.239+07:00  INFO 14324 --- [loyalty-simulator] [main] j.LocalContainerEntityManagerFactoryBean : Initialized JPA EntityManagerFactory for persistence unit 'default'
2024-10-01T10:55:33.705+07:00  WARN 14324 --- [loyalty-simulator] [main] ConfigServletWebServerApplicationContext : Exception encountered during context initialization - cancelling refresh attempt: org.springframework.beans.factory.UnsatisfiedDependencyException: Error creating bean with name 'globalExceptionsHandler' defined in file [D:\coding\loyalty-simulator\build\classes\java\main\com\loyalty\loyalty_simulator\exceptions\GlobalExceptionsHandler.class]: Unsatisfied dependency expressed through constructor parameter 0: No qualifying bean of type 'java.lang.String' available: expected at least 1 bean which qualifies as autowire candidate. Dependency annotations: {}
2024-10-01T10:55:33.706+07:00  INFO 14324 --- [loyalty-simulator] [main] j.LocalContainerEntityManagerFactoryBean : Closing JPA EntityManagerFactory for persistence unit 'default'
2024-10-01T10:55:33.709+07:00  INFO 14324 --- [loyalty-simulator] [main] com.zaxxer.hikari.HikariDataSource       : HikariPool-1 - Shutdown initiated...
2024-10-01T10:55:34.692+07:00  INFO 14324 --- [loyalty-simulator] [main] com.zaxxer.hikari.HikariDataSource       : HikariPool-1 - Shutdown completed.
2024-10-01T10:55:34.695+07:00  INFO 14324 --- [loyalty-simulator] [main] o.apache.catalina.core.StandardService   : Stopping service [Tomcat]
2024-10-01T10:55:34.719+07:00  INFO 14324 --- [loyalty-simulator] [main] .s.b.a.l.ConditionEvaluationReportLogger : 

Error starting ApplicationContext. To display the condition evaluation report re-run your application with 'debug' enabled.
2024-10-01T10:55:34.763+07:00 ERROR 14324 --- [loyalty-simulator] [main] o.s.b.d.LoggingFailureAnalysisReporter   : 

***************************
APPLICATION FAILED TO START
***************************

Description:

Parameter 0 of constructor in com.loyalty.loyalty_simulator.exceptions.GlobalExceptionsHandler required a bean of type 'java.lang.String' that could not be found.


Action:

Consider defining a bean of type 'java.lang.String' in your configuration.

2024-10-01T11:07:54.864+07:00  INFO 27332 --- [loyalty-simulator] [main] c.l.l.LoyaltySimulatorApplication        : Starting LoyaltySimulatorApplication using Java 17.0.11 with PID 27332 (D:\coding\loyalty-simulator\build\classes\java\main started by 67754 in D:\coding\loyalty-simulator)
2024-10-01T11:07:54.871+07:00  INFO 27332 --- [loyalty-simulator] [main] c.l.l.LoyaltySimulatorApplication        : No active profile set, falling back to 1 default profile: "default"
2024-10-01T11:07:55.368+07:00  INFO 27332 --- [loyalty-simulator] [main] .s.d.r.c.RepositoryConfigurationDelegate : Bootstrapping Spring Data JPA repositories in DEFAULT mode.
2024-10-01T11:07:55.417+07:00  INFO 27332 --- [loyalty-simulator] [main] .s.d.r.c.RepositoryConfigurationDelegate : Finished Spring Data repository scanning in 44 ms. Found 5 JPA repository interfaces.
2024-10-01T11:07:55.842+07:00  INFO 27332 --- [loyalty-simulator] [main] o.s.b.w.embedded.tomcat.TomcatWebServer  : Tomcat initialized with port 8080 (http)
2024-10-01T11:07:55.850+07:00  INFO 27332 --- [loyalty-simulator] [main] o.apache.catalina.core.StandardService   : Starting service [Tomcat]
2024-10-01T11:07:55.850+07:00  INFO 27332 --- [loyalty-simulator] [main] o.apache.catalina.core.StandardEngine    : Starting Servlet engine: [Apache Tomcat/10.1.28]
2024-10-01T11:07:55.907+07:00  INFO 27332 --- [loyalty-simulator] [main] o.a.c.c.C.[Tomcat].[localhost].[/]       : Initializing Spring embedded WebApplicationContext
2024-10-01T11:07:55.907+07:00  INFO 27332 --- [loyalty-simulator] [main] w.s.c.ServletWebServerApplicationContext : Root WebApplicationContext: initialization completed in 1004 ms
2024-10-01T11:07:56.113+07:00  INFO 27332 --- [loyalty-simulator] [main] o.hibernate.jpa.internal.util.LogHelper  : HHH000204: Processing PersistenceUnitInfo [name: default]
2024-10-01T11:07:56.162+07:00  INFO 27332 --- [loyalty-simulator] [main] org.hibernate.Version                    : HHH000412: Hibernate ORM core version 6.5.2.Final
2024-10-01T11:07:56.202+07:00  INFO 27332 --- [loyalty-simulator] [main] o.h.c.internal.RegionFactoryInitiator    : HHH000026: Second-level cache disabled
2024-10-01T11:07:56.540+07:00  INFO 27332 --- [loyalty-simulator] [main] o.s.o.j.p.SpringPersistenceUnitInfo      : No LoadTimeWeaver setup: ignoring JPA class transformer
2024-10-01T11:07:56.563+07:00  INFO 27332 --- [loyalty-simulator] [main] com.zaxxer.hikari.HikariDataSource       : HikariPool-1 - Starting...
2024-10-01T11:07:57.023+07:00  INFO 27332 --- [loyalty-simulator] [main] com.zaxxer.hikari.pool.HikariPool        : HikariPool-1 - Added connection oracle.jdbc.driver.T4CConnection@4afd65fd
2024-10-01T11:07:57.034+07:00  INFO 27332 --- [loyalty-simulator] [main] com.zaxxer.hikari.HikariDataSource       : HikariPool-1 - Start completed.
2024-10-01T11:07:57.237+07:00  WARN 27332 --- [loyalty-simulator] [main] org.hibernate.dialect.Dialect            : HHH000511: The 12.2.0 version for [org.hibernate.dialect.OracleDialect] is no longer supported, hence certain features may not work properly. The minimum supported version is 19.0.0. Check the community dialects project for available legacy versions.
2024-10-01T11:07:59.625+07:00  INFO 27332 --- [loyalty-simulator] [main] o.h.e.t.j.p.i.JtaPlatformInitiator       : HHH000489: No JTA platform available (set 'hibernate.transaction.jta.platform' to enable JTA platform integration)
2024-10-01T11:08:02.392+07:00  INFO 27332 --- [loyalty-simulator] [main] j.LocalContainerEntityManagerFactoryBean : Initialized JPA EntityManagerFactory for persistence unit 'default'
2024-10-01T11:08:02.858+07:00  WARN 27332 --- [loyalty-simulator] [main] JpaBaseConfiguration$JpaWebConfiguration : spring.jpa.open-in-view is enabled by default. Therefore, database queries may be performed during view rendering. Explicitly configure spring.jpa.open-in-view to disable this warning
2024-10-01T11:08:03.213+07:00  INFO 27332 --- [loyalty-simulator] [main] o.s.b.w.embedded.tomcat.TomcatWebServer  : Tomcat started on port 8080 (http) with context path '/'
2024-10-01T11:08:03.223+07:00  INFO 27332 --- [loyalty-simulator] [main] c.l.l.LoyaltySimulatorApplication        : Started LoyaltySimulatorApplication in 8.653 seconds (process running for 9.103)
2024-10-01T11:18:22.326+07:00  INFO 27332 --- [loyalty-simulator] [http-nio-8080-exec-2] o.a.c.c.C.[Tomcat].[localhost].[/]       : Initializing Spring DispatcherServlet 'dispatcherServlet'
2024-10-01T11:18:22.326+07:00  INFO 27332 --- [loyalty-simulator] [http-nio-8080-exec-2] o.s.web.servlet.DispatcherServlet        : Initializing Servlet 'dispatcherServlet'
2024-10-01T11:18:22.328+07:00  INFO 27332 --- [loyalty-simulator] [http-nio-8080-exec-2] o.s.web.servlet.DispatcherServlet        : Completed initialization in 2 ms
2024-10-01T11:18:22.820+07:00  WARN 27332 --- [loyalty-simulator] [http-nio-8080-exec-2] c.l.l.services.CalculatePointService     : transaction not found
2024-10-01T11:52:07.160+07:00  INFO 27332 --- [loyalty-simulator] [SpringApplicationShutdownHook] j.LocalContainerEntityManagerFactoryBean : Closing JPA EntityManagerFactory for persistence unit 'default'
2024-10-01T11:52:07.164+07:00  INFO 27332 --- [loyalty-simulator] [SpringApplicationShutdownHook] com.zaxxer.hikari.HikariDataSource       : HikariPool-1 - Shutdown initiated...
2024-10-01T11:52:07.351+07:00  INFO 27332 --- [loyalty-simulator] [SpringApplicationShutdownHook] com.zaxxer.hikari.HikariDataSource       : HikariPool-1 - Shutdown completed.
2024-10-01T14:31:39.089+07:00  INFO 30380 --- [loyalty-simulator] [main] c.l.l.LoyaltySimulatorApplication        : Starting LoyaltySimulatorApplication using Java 17.0.11 with PID 30380 (D:\coding\loyalty-simulator\build\classes\java\main started by 67754 in D:\coding\loyalty-simulator)
2024-10-01T14:31:39.091+07:00  INFO 30380 --- [loyalty-simulator] [main] c.l.l.LoyaltySimulatorApplication        : No active profile set, falling back to 1 default profile: "default"
2024-10-01T14:31:40.837+07:00  INFO 30380 --- [loyalty-simulator] [main] .s.d.r.c.RepositoryConfigurationDelegate : Bootstrapping Spring Data JPA repositories in DEFAULT mode.
2024-10-01T14:31:40.894+07:00  INFO 30380 --- [loyalty-simulator] [main] .s.d.r.c.RepositoryConfigurationDelegate : Finished Spring Data repository scanning in 51 ms. Found 5 JPA repository interfaces.
2024-10-01T14:31:41.240+07:00  INFO 30380 --- [loyalty-simulator] [main] o.s.b.w.embedded.tomcat.TomcatWebServer  : Tomcat initialized with port 8080 (http)
2024-10-01T14:31:41.250+07:00  INFO 30380 --- [loyalty-simulator] [main] o.apache.catalina.core.StandardService   : Starting service [Tomcat]
2024-10-01T14:31:41.250+07:00  INFO 30380 --- [loyalty-simulator] [main] o.apache.catalina.core.StandardEngine    : Starting Servlet engine: [Apache Tomcat/10.1.28]
2024-10-01T14:31:41.298+07:00  INFO 30380 --- [loyalty-simulator] [main] o.a.c.c.C.[Tomcat].[localhost].[/]       : Initializing Spring embedded WebApplicationContext
2024-10-01T14:31:41.299+07:00  INFO 30380 --- [loyalty-simulator] [main] w.s.c.ServletWebServerApplicationContext : Root WebApplicationContext: initialization completed in 2163 ms
2024-10-01T14:31:41.430+07:00  INFO 30380 --- [loyalty-simulator] [main] o.hibernate.jpa.internal.util.LogHelper  : HHH000204: Processing PersistenceUnitInfo [name: default]
2024-10-01T14:31:41.485+07:00  INFO 30380 --- [loyalty-simulator] [main] org.hibernate.Version                    : HHH000412: Hibernate ORM core version 6.5.2.Final
2024-10-01T14:31:41.516+07:00  INFO 30380 --- [loyalty-simulator] [main] o.h.c.internal.RegionFactoryInitiator    : HHH000026: Second-level cache disabled
2024-10-01T14:31:41.752+07:00  INFO 30380 --- [loyalty-simulator] [main] o.s.o.j.p.SpringPersistenceUnitInfo      : No LoadTimeWeaver setup: ignoring JPA class transformer
2024-10-01T14:31:41.779+07:00  INFO 30380 --- [loyalty-simulator] [main] com.zaxxer.hikari.HikariDataSource       : HikariPool-1 - Starting...
2024-10-01T14:31:42.681+07:00  INFO 30380 --- [loyalty-simulator] [main] com.zaxxer.hikari.pool.HikariPool        : HikariPool-1 - Added connection oracle.jdbc.driver.T4CConnection@775f15fd
2024-10-01T14:31:42.683+07:00  INFO 30380 --- [loyalty-simulator] [main] com.zaxxer.hikari.HikariDataSource       : HikariPool-1 - Start completed.
2024-10-01T14:31:42.904+07:00  WARN 30380 --- [loyalty-simulator] [main] org.hibernate.dialect.Dialect            : HHH000511: The 12.2.0 version for [org.hibernate.dialect.OracleDialect] is no longer supported, hence certain features may not work properly. The minimum supported version is 19.0.0. Check the community dialects project for available legacy versions.
2024-10-01T14:31:46.291+07:00  INFO 30380 --- [loyalty-simulator] [main] o.h.e.t.j.p.i.JtaPlatformInitiator       : HHH000489: No JTA platform available (set 'hibernate.transaction.jta.platform' to enable JTA platform integration)
2024-10-01T14:31:50.534+07:00  INFO 30380 --- [loyalty-simulator] [main] j.LocalContainerEntityManagerFactoryBean : Initialized JPA EntityManagerFactory for persistence unit 'default'
2024-10-01T14:31:50.964+07:00  WARN 30380 --- [loyalty-simulator] [main] JpaBaseConfiguration$JpaWebConfiguration : spring.jpa.open-in-view is enabled by default. Therefore, database queries may be performed during view rendering. Explicitly configure spring.jpa.open-in-view to disable this warning
2024-10-01T14:31:51.230+07:00  INFO 30380 --- [loyalty-simulator] [main] o.s.b.w.embedded.tomcat.TomcatWebServer  : Tomcat started on port 8080 (http) with context path '/'
2024-10-01T14:31:51.238+07:00  INFO 30380 --- [loyalty-simulator] [main] c.l.l.LoyaltySimulatorApplication        : Started LoyaltySimulatorApplication in 12.877 seconds (process running for 13.55)
2024-10-01T14:32:15.828+07:00  INFO 30380 --- [loyalty-simulator] [http-nio-8080-exec-2] o.a.c.c.C.[Tomcat].[localhost].[/]       : Initializing Spring DispatcherServlet 'dispatcherServlet'
2024-10-01T14:32:15.828+07:00  INFO 30380 --- [loyalty-simulator] [http-nio-8080-exec-2] o.s.web.servlet.DispatcherServlet        : Initializing Servlet 'dispatcherServlet'
2024-10-01T14:32:15.829+07:00  INFO 30380 --- [loyalty-simulator] [http-nio-8080-exec-2] o.s.web.servlet.DispatcherServlet        : Completed initialization in 1 ms
2024-10-01T14:32:16.520+07:00  WARN 30380 --- [loyalty-simulator] [http-nio-8080-exec-2] o.h.engine.jdbc.spi.SqlExceptionHelper   : SQL Error: 1, SQLState: 23000
2024-10-01T14:32:16.520+07:00 ERROR 30380 --- [loyalty-simulator] [http-nio-8080-exec-2] o.h.engine.jdbc.spi.SqlExceptionHelper   : ORA-00001: unique constraint (EPURSEPLUS.UK6I0P0QECJVHV3SU94YQ9UWL67) violated

2024-10-01T14:37:51.095+07:00  INFO 30380 --- [loyalty-simulator] [SpringApplicationShutdownHook] j.LocalContainerEntityManagerFactoryBean : Closing JPA EntityManagerFactory for persistence unit 'default'
2024-10-01T14:37:51.098+07:00  INFO 30380 --- [loyalty-simulator] [SpringApplicationShutdownHook] com.zaxxer.hikari.HikariDataSource       : HikariPool-1 - Shutdown initiated...
2024-10-01T14:37:51.241+07:00  INFO 30380 --- [loyalty-simulator] [SpringApplicationShutdownHook] com.zaxxer.hikari.HikariDataSource       : HikariPool-1 - Shutdown completed.
2024-10-01T14:37:54.658+07:00  INFO 37660 --- [loyalty-simulator] [main] c.l.l.LoyaltySimulatorApplication        : Starting LoyaltySimulatorApplication using Java 17.0.11 with PID 37660 (D:\coding\loyalty-simulator\build\classes\java\main started by 67754 in D:\coding\loyalty-simulator)
2024-10-01T14:37:54.661+07:00  INFO 37660 --- [loyalty-simulator] [main] c.l.l.LoyaltySimulatorApplication        : No active profile set, falling back to 1 default profile: "default"
2024-10-01T14:37:55.216+07:00  INFO 37660 --- [loyalty-simulator] [main] .s.d.r.c.RepositoryConfigurationDelegate : Bootstrapping Spring Data JPA repositories in DEFAULT mode.
2024-10-01T14:37:55.264+07:00  INFO 37660 --- [loyalty-simulator] [main] .s.d.r.c.RepositoryConfigurationDelegate : Finished Spring Data repository scanning in 42 ms. Found 5 JPA repository interfaces.
2024-10-01T14:37:55.618+07:00  INFO 37660 --- [loyalty-simulator] [main] o.s.b.w.embedded.tomcat.TomcatWebServer  : Tomcat initialized with port 8080 (http)
2024-10-01T14:37:55.627+07:00  INFO 37660 --- [loyalty-simulator] [main] o.apache.catalina.core.StandardService   : Starting service [Tomcat]
2024-10-01T14:37:55.628+07:00  INFO 37660 --- [loyalty-simulator] [main] o.apache.catalina.core.StandardEngine    : Starting Servlet engine: [Apache Tomcat/10.1.28]
2024-10-01T14:37:55.666+07:00  INFO 37660 --- [loyalty-simulator] [main] o.a.c.c.C.[Tomcat].[localhost].[/]       : Initializing Spring embedded WebApplicationContext
2024-10-01T14:37:55.666+07:00  INFO 37660 --- [loyalty-simulator] [main] w.s.c.ServletWebServerApplicationContext : Root WebApplicationContext: initialization completed in 971 ms
2024-10-01T14:37:55.797+07:00  INFO 37660 --- [loyalty-simulator] [main] o.hibernate.jpa.internal.util.LogHelper  : HHH000204: Processing PersistenceUnitInfo [name: default]
2024-10-01T14:37:55.830+07:00  INFO 37660 --- [loyalty-simulator] [main] org.hibernate.Version                    : HHH000412: Hibernate ORM core version 6.5.2.Final
2024-10-01T14:37:55.851+07:00  INFO 37660 --- [loyalty-simulator] [main] o.h.c.internal.RegionFactoryInitiator    : HHH000026: Second-level cache disabled
2024-10-01T14:37:56.068+07:00  INFO 37660 --- [loyalty-simulator] [main] o.s.o.j.p.SpringPersistenceUnitInfo      : No LoadTimeWeaver setup: ignoring JPA class transformer
2024-10-01T14:37:56.085+07:00  INFO 37660 --- [loyalty-simulator] [main] com.zaxxer.hikari.HikariDataSource       : HikariPool-1 - Starting...
2024-10-01T14:37:56.860+07:00  INFO 37660 --- [loyalty-simulator] [main] com.zaxxer.hikari.pool.HikariPool        : HikariPool-1 - Added connection oracle.jdbc.driver.T4CConnection@108b121f
2024-10-01T14:37:56.861+07:00  INFO 37660 --- [loyalty-simulator] [main] com.zaxxer.hikari.HikariDataSource       : HikariPool-1 - Start completed.
2024-10-01T14:37:57.080+07:00  WARN 37660 --- [loyalty-simulator] [main] org.hibernate.dialect.Dialect            : HHH000511: The 12.2.0 version for [org.hibernate.dialect.OracleDialect] is no longer supported, hence certain features may not work properly. The minimum supported version is 19.0.0. Check the community dialects project for available legacy versions.
2024-10-01T14:37:59.875+07:00  INFO 37660 --- [loyalty-simulator] [main] o.h.e.t.j.p.i.JtaPlatformInitiator       : HHH000489: No JTA platform available (set 'hibernate.transaction.jta.platform' to enable JTA platform integration)
2024-10-01T14:38:02.063+07:00  INFO 37660 --- [loyalty-simulator] [main] j.LocalContainerEntityManagerFactoryBean : Initialized JPA EntityManagerFactory for persistence unit 'default'
2024-10-01T14:38:02.413+07:00  WARN 37660 --- [loyalty-simulator] [main] JpaBaseConfiguration$JpaWebConfiguration : spring.jpa.open-in-view is enabled by default. Therefore, database queries may be performed during view rendering. Explicitly configure spring.jpa.open-in-view to disable this warning
2024-10-01T14:38:02.671+07:00  INFO 37660 --- [loyalty-simulator] [main] o.s.b.w.embedded.tomcat.TomcatWebServer  : Tomcat started on port 8080 (http) with context path '/'
2024-10-01T14:38:02.677+07:00  INFO 37660 --- [loyalty-simulator] [main] c.l.l.LoyaltySimulatorApplication        : Started LoyaltySimulatorApplication in 8.315 seconds (process running for 8.799)
2024-10-01T14:38:07.475+07:00  INFO 37660 --- [loyalty-simulator] [http-nio-8080-exec-1] o.a.c.c.C.[Tomcat].[localhost].[/]       : Initializing Spring DispatcherServlet 'dispatcherServlet'
2024-10-01T14:38:07.475+07:00  INFO 37660 --- [loyalty-simulator] [http-nio-8080-exec-1] o.s.web.servlet.DispatcherServlet        : Initializing Servlet 'dispatcherServlet'
2024-10-01T14:38:07.476+07:00  INFO 37660 --- [loyalty-simulator] [http-nio-8080-exec-1] o.s.web.servlet.DispatcherServlet        : Completed initialization in 1 ms
2024-10-01T14:38:07.864+07:00  WARN 37660 --- [loyalty-simulator] [http-nio-8080-exec-1] o.h.engine.jdbc.spi.SqlExceptionHelper   : SQL Error: 1, SQLState: 23000
2024-10-01T14:38:07.864+07:00 ERROR 37660 --- [loyalty-simulator] [http-nio-8080-exec-1] o.h.engine.jdbc.spi.SqlExceptionHelper   : ORA-00001: unique constraint (EPURSEPLUS.UK6I0P0QECJVHV3SU94YQ9UWL67) violated

2024-10-01T14:39:01.954+07:00  INFO 37660 --- [loyalty-simulator] [SpringApplicationShutdownHook] j.LocalContainerEntityManagerFactoryBean : Closing JPA EntityManagerFactory for persistence unit 'default'
2024-10-01T14:39:01.956+07:00  INFO 37660 --- [loyalty-simulator] [SpringApplicationShutdownHook] com.zaxxer.hikari.HikariDataSource       : HikariPool-1 - Shutdown initiated...
2024-10-01T14:39:02.141+07:00  INFO 37660 --- [loyalty-simulator] [SpringApplicationShutdownHook] com.zaxxer.hikari.HikariDataSource       : HikariPool-1 - Shutdown completed.
2024-10-01T14:39:06.068+07:00  INFO 20524 --- [loyalty-simulator] [main] c.l.l.LoyaltySimulatorApplication        : Starting LoyaltySimulatorApplication using Java 17.0.11 with PID 20524 (D:\coding\loyalty-simulator\build\classes\java\main started by 67754 in D:\coding\loyalty-simulator)
2024-10-01T14:39:06.068+07:00  INFO 20524 --- [loyalty-simulator] [main] c.l.l.LoyaltySimulatorApplication        : No active profile set, falling back to 1 default profile: "default"
2024-10-01T14:39:06.638+07:00  INFO 20524 --- [loyalty-simulator] [main] .s.d.r.c.RepositoryConfigurationDelegate : Bootstrapping Spring Data JPA repositories in DEFAULT mode.
2024-10-01T14:39:06.698+07:00  INFO 20524 --- [loyalty-simulator] [main] .s.d.r.c.RepositoryConfigurationDelegate : Finished Spring Data repository scanning in 55 ms. Found 5 JPA repository interfaces.
2024-10-01T14:39:07.048+07:00  INFO 20524 --- [loyalty-simulator] [main] o.s.b.w.embedded.tomcat.TomcatWebServer  : Tomcat initialized with port 8080 (http)
2024-10-01T14:39:07.059+07:00  INFO 20524 --- [loyalty-simulator] [main] o.apache.catalina.core.StandardService   : Starting service [Tomcat]
2024-10-01T14:39:07.059+07:00  INFO 20524 --- [loyalty-simulator] [main] o.apache.catalina.core.StandardEngine    : Starting Servlet engine: [Apache Tomcat/10.1.28]
2024-10-01T14:39:07.110+07:00  INFO 20524 --- [loyalty-simulator] [main] o.a.c.c.C.[Tomcat].[localhost].[/]       : Initializing Spring embedded WebApplicationContext
2024-10-01T14:39:07.118+07:00  INFO 20524 --- [loyalty-simulator] [main] w.s.c.ServletWebServerApplicationContext : Root WebApplicationContext: initialization completed in 1003 ms
2024-10-01T14:39:07.238+07:00  INFO 20524 --- [loyalty-simulator] [main] o.hibernate.jpa.internal.util.LogHelper  : HHH000204: Processing PersistenceUnitInfo [name: default]
2024-10-01T14:39:07.273+07:00  INFO 20524 --- [loyalty-simulator] [main] org.hibernate.Version                    : HHH000412: Hibernate ORM core version 6.5.2.Final
2024-10-01T14:39:07.288+07:00  INFO 20524 --- [loyalty-simulator] [main] o.h.c.internal.RegionFactoryInitiator    : HHH000026: Second-level cache disabled
2024-10-01T14:39:07.498+07:00  INFO 20524 --- [loyalty-simulator] [main] o.s.o.j.p.SpringPersistenceUnitInfo      : No LoadTimeWeaver setup: ignoring JPA class transformer
2024-10-01T14:39:07.519+07:00  INFO 20524 --- [loyalty-simulator] [main] com.zaxxer.hikari.HikariDataSource       : HikariPool-1 - Starting...
2024-10-01T14:39:07.905+07:00  INFO 20524 --- [loyalty-simulator] [main] com.zaxxer.hikari.pool.HikariPool        : HikariPool-1 - Added connection oracle.jdbc.driver.T4CConnection@5e0f2c82
2024-10-01T14:39:07.907+07:00  INFO 20524 --- [loyalty-simulator] [main] com.zaxxer.hikari.HikariDataSource       : HikariPool-1 - Start completed.
2024-10-01T14:39:08.024+07:00  WARN 20524 --- [loyalty-simulator] [main] org.hibernate.dialect.Dialect            : HHH000511: The 12.2.0 version for [org.hibernate.dialect.OracleDialect] is no longer supported, hence certain features may not work properly. The minimum supported version is 19.0.0. Check the community dialects project for available legacy versions.
2024-10-01T14:39:09.700+07:00  INFO 20524 --- [loyalty-simulator] [main] o.h.e.t.j.p.i.JtaPlatformInitiator       : HHH000489: No JTA platform available (set 'hibernate.transaction.jta.platform' to enable JTA platform integration)
2024-10-01T14:39:11.333+07:00  INFO 20524 --- [loyalty-simulator] [main] j.LocalContainerEntityManagerFactoryBean : Initialized JPA EntityManagerFactory for persistence unit 'default'
2024-10-01T14:39:11.667+07:00  WARN 20524 --- [loyalty-simulator] [main] JpaBaseConfiguration$JpaWebConfiguration : spring.jpa.open-in-view is enabled by default. Therefore, database queries may be performed during view rendering. Explicitly configure spring.jpa.open-in-view to disable this warning
2024-10-01T14:39:11.970+07:00  INFO 20524 --- [loyalty-simulator] [main] o.s.b.w.embedded.tomcat.TomcatWebServer  : Tomcat started on port 8080 (http) with context path '/'
2024-10-01T14:39:11.979+07:00  INFO 20524 --- [loyalty-simulator] [main] c.l.l.LoyaltySimulatorApplication        : Started LoyaltySimulatorApplication in 6.393 seconds (process running for 7.068)
2024-10-01T15:24:39.813+07:00  WARN 20524 --- [loyalty-simulator] [HikariPool-1 housekeeper] com.zaxxer.hikari.pool.HikariPool        : HikariPool-1 - Thread starvation or clock leap detected (housekeeper delta=24m31s541ms889µs).
2024-10-01T15:44:56.147+07:00  INFO 20524 --- [loyalty-simulator] [http-nio-8080-exec-2] o.a.c.c.C.[Tomcat].[localhost].[/]       : Initializing Spring DispatcherServlet 'dispatcherServlet'
2024-10-01T15:44:56.148+07:00  INFO 20524 --- [loyalty-simulator] [http-nio-8080-exec-2] o.s.web.servlet.DispatcherServlet        : Initializing Servlet 'dispatcherServlet'
2024-10-01T15:44:56.149+07:00  INFO 20524 --- [loyalty-simulator] [http-nio-8080-exec-2] o.s.web.servlet.DispatcherServlet        : Completed initialization in 1 ms
2024-10-01T15:45:13.519+07:00  WARN 20524 --- [loyalty-simulator] [http-nio-8080-exec-2] o.h.engine.jdbc.spi.SqlExceptionHelper   : SQL Error: 0, SQLState: null
2024-10-01T15:45:13.520+07:00 ERROR 20524 --- [loyalty-simulator] [http-nio-8080-exec-2] o.h.engine.jdbc.spi.SqlExceptionHelper   : HikariPool-1 - Interrupted during connection acquisition
2024-10-01T15:45:13.560+07:00  INFO 20524 --- [loyalty-simulator] [SpringApplicationShutdownHook] j.LocalContainerEntityManagerFactoryBean : Closing JPA EntityManagerFactory for persistence unit 'default'
2024-10-01T15:45:13.563+07:00  INFO 20524 --- [loyalty-simulator] [SpringApplicationShutdownHook] com.zaxxer.hikari.HikariDataSource       : HikariPool-1 - Shutdown initiated...
2024-10-01T15:45:16.254+07:00  INFO 20524 --- [loyalty-simulator] [SpringApplicationShutdownHook] com.zaxxer.hikari.HikariDataSource       : HikariPool-1 - Shutdown completed.
2024-10-01T15:45:20.515+07:00  INFO 5204 --- [loyalty-simulator] [main] c.l.l.LoyaltySimulatorApplication        : Starting LoyaltySimulatorApplication using Java 17.0.11 with PID 5204 (D:\coding\loyalty-simulator\build\classes\java\main started by 67754 in D:\coding\loyalty-simulator)
2024-10-01T15:45:20.520+07:00  INFO 5204 --- [loyalty-simulator] [main] c.l.l.LoyaltySimulatorApplication        : No active profile set, falling back to 1 default profile: "default"
2024-10-01T15:45:22.300+07:00  INFO 5204 --- [loyalty-simulator] [main] .s.d.r.c.RepositoryConfigurationDelegate : Bootstrapping Spring Data JPA repositories in DEFAULT mode.
2024-10-01T15:45:22.379+07:00  INFO 5204 --- [loyalty-simulator] [main] .s.d.r.c.RepositoryConfigurationDelegate : Finished Spring Data repository scanning in 70 ms. Found 5 JPA repository interfaces.
2024-10-01T15:45:22.863+07:00  INFO 5204 --- [loyalty-simulator] [main] o.s.b.w.embedded.tomcat.TomcatWebServer  : Tomcat initialized with port 8080 (http)
2024-10-01T15:45:22.873+07:00  INFO 5204 --- [loyalty-simulator] [main] o.apache.catalina.core.StandardService   : Starting service [Tomcat]
2024-10-01T15:45:22.873+07:00  INFO 5204 --- [loyalty-simulator] [main] o.apache.catalina.core.StandardEngine    : Starting Servlet engine: [Apache Tomcat/10.1.28]
2024-10-01T15:45:22.936+07:00  INFO 5204 --- [loyalty-simulator] [main] o.a.c.c.C.[Tomcat].[localhost].[/]       : Initializing Spring embedded WebApplicationContext
2024-10-01T15:45:22.938+07:00  INFO 5204 --- [loyalty-simulator] [main] w.s.c.ServletWebServerApplicationContext : Root WebApplicationContext: initialization completed in 2378 ms
2024-10-01T15:45:23.106+07:00  INFO 5204 --- [loyalty-simulator] [main] o.hibernate.jpa.internal.util.LogHelper  : HHH000204: Processing PersistenceUnitInfo [name: default]
2024-10-01T15:45:23.144+07:00  INFO 5204 --- [loyalty-simulator] [main] org.hibernate.Version                    : HHH000412: Hibernate ORM core version 6.5.2.Final
2024-10-01T15:45:23.173+07:00  INFO 5204 --- [loyalty-simulator] [main] o.h.c.internal.RegionFactoryInitiator    : HHH000026: Second-level cache disabled
2024-10-01T15:45:23.450+07:00  INFO 5204 --- [loyalty-simulator] [main] o.s.o.j.p.SpringPersistenceUnitInfo      : No LoadTimeWeaver setup: ignoring JPA class transformer
2024-10-01T15:45:23.490+07:00  INFO 5204 --- [loyalty-simulator] [main] com.zaxxer.hikari.HikariDataSource       : HikariPool-1 - Starting...
2024-10-01T15:45:24.620+07:00  WARN 5204 --- [loyalty-simulator] [main] o.h.e.j.e.i.JdbcEnvironmentInitiator     : HHH000342: Could not obtain connection to query metadata

java.lang.NullPointerException: Cannot invoke "org.hibernate.engine.jdbc.spi.SqlExceptionHelper.convert(java.sql.SQLException, String)" because the return value of "org.hibernate.resource.transaction.backend.jdbc.internal.JdbcIsolationDelegate.sqlExceptionHelper()" is null
	at org.hibernate.resource.transaction.backend.jdbc.internal.JdbcIsolationDelegate.delegateWork(JdbcIsolationDelegate.java:116) ~[hibernate-core-6.5.2.Final.jar:6.5.2.Final]
	at org.hibernate.engine.jdbc.env.internal.JdbcEnvironmentInitiator.getJdbcEnvironmentUsingJdbcMetadata(JdbcEnvironmentInitiator.java:290) ~[hibernate-core-6.5.2.Final.jar:6.5.2.Final]
	at org.hibernate.engine.jdbc.env.internal.JdbcEnvironmentInitiator.initiateService(JdbcEnvironmentInitiator.java:123) ~[hibernate-core-6.5.2.Final.jar:6.5.2.Final]
	at org.hibernate.engine.jdbc.env.internal.JdbcEnvironmentInitiator.initiateService(JdbcEnvironmentInitiator.java:77) ~[hibernate-core-6.5.2.Final.jar:6.5.2.Final]
	at org.hibernate.boot.registry.internal.StandardServiceRegistryImpl.initiateService(StandardServiceRegistryImpl.java:130) ~[hibernate-core-6.5.2.Final.jar:6.5.2.Final]
	at org.hibernate.service.internal.AbstractServiceRegistryImpl.createService(AbstractServiceRegistryImpl.java:263) ~[hibernate-core-6.5.2.Final.jar:6.5.2.Final]
	at org.hibernate.service.internal.AbstractServiceRegistryImpl.initializeService(AbstractServiceRegistryImpl.java:238) ~[hibernate-core-6.5.2.Final.jar:6.5.2.Final]
	at org.hibernate.service.internal.AbstractServiceRegistryImpl.getService(AbstractServiceRegistryImpl.java:215) ~[hibernate-core-6.5.2.Final.jar:6.5.2.Final]
	at org.hibernate.boot.model.relational.Database.<init>(Database.java:45) ~[hibernate-core-6.5.2.Final.jar:6.5.2.Final]
	at org.hibernate.boot.internal.InFlightMetadataCollectorImpl.getDatabase(InFlightMetadataCollectorImpl.java:221) ~[hibernate-core-6.5.2.Final.jar:6.5.2.Final]
	at org.hibernate.boot.internal.InFlightMetadataCollectorImpl.<init>(InFlightMetadataCollectorImpl.java:189) ~[hibernate-core-6.5.2.Final.jar:6.5.2.Final]
	at org.hibernate.boot.model.process.spi.MetadataBuildingProcess.complete(MetadataBuildingProcess.java:171) ~[hibernate-core-6.5.2.Final.jar:6.5.2.Final]
	at org.hibernate.jpa.boot.internal.EntityManagerFactoryBuilderImpl.metadata(EntityManagerFactoryBuilderImpl.java:1431) ~[hibernate-core-6.5.2.Final.jar:6.5.2.Final]
	at org.hibernate.jpa.boot.internal.EntityManagerFactoryBuilderImpl.build(EntityManagerFactoryBuilderImpl.java:1502) ~[hibernate-core-6.5.2.Final.jar:6.5.2.Final]
	at org.springframework.orm.jpa.vendor.SpringHibernateJpaPersistenceProvider.createContainerEntityManagerFactory(SpringHibernateJpaPersistenceProvider.java:75) ~[spring-orm-6.1.12.jar:6.1.12]
	at org.springframework.orm.jpa.LocalContainerEntityManagerFactoryBean.createNativeEntityManagerFactory(LocalContainerEntityManagerFactoryBean.java:390) ~[spring-orm-6.1.12.jar:6.1.12]
	at org.springframework.orm.jpa.AbstractEntityManagerFactoryBean.buildNativeEntityManagerFactory(AbstractEntityManagerFactoryBean.java:409) ~[spring-orm-6.1.12.jar:6.1.12]
	at org.springframework.orm.jpa.AbstractEntityManagerFactoryBean.afterPropertiesSet(AbstractEntityManagerFactoryBean.java:396) ~[spring-orm-6.1.12.jar:6.1.12]
	at org.springframework.orm.jpa.LocalContainerEntityManagerFactoryBean.afterPropertiesSet(LocalContainerEntityManagerFactoryBean.java:366) ~[spring-orm-6.1.12.jar:6.1.12]
	at org.springframework.beans.factory.support.AbstractAutowireCapableBeanFactory.invokeInitMethods(AbstractAutowireCapableBeanFactory.java:1853) ~[spring-beans-6.1.12.jar:6.1.12]
	at org.springframework.beans.factory.support.AbstractAutowireCapableBeanFactory.initializeBean(AbstractAutowireCapableBeanFactory.java:1802) ~[spring-beans-6.1.12.jar:6.1.12]
	at org.springframework.beans.factory.support.AbstractAutowireCapableBeanFactory.doCreateBean(AbstractAutowireCapableBeanFactory.java:600) ~[spring-beans-6.1.12.jar:6.1.12]
	at org.springframework.beans.factory.support.AbstractAutowireCapableBeanFactory.createBean(AbstractAutowireCapableBeanFactory.java:522) ~[spring-beans-6.1.12.jar:6.1.12]
	at org.springframework.beans.factory.support.AbstractBeanFactory.lambda$doGetBean$0(AbstractBeanFactory.java:337) ~[spring-beans-6.1.12.jar:6.1.12]
	at org.springframework.beans.factory.support.DefaultSingletonBeanRegistry.getSingleton(DefaultSingletonBeanRegistry.java:234) ~[spring-beans-6.1.12.jar:6.1.12]
	at org.springframework.beans.factory.support.AbstractBeanFactory.doGetBean(AbstractBeanFactory.java:335) ~[spring-beans-6.1.12.jar:6.1.12]
	at org.springframework.beans.factory.support.AbstractBeanFactory.getBean(AbstractBeanFactory.java:205) ~[spring-beans-6.1.12.jar:6.1.12]
	at org.springframework.context.support.AbstractApplicationContext.finishBeanFactoryInitialization(AbstractApplicationContext.java:954) ~[spring-context-6.1.12.jar:6.1.12]
	at org.springframework.context.support.AbstractApplicationContext.refresh(AbstractApplicationContext.java:625) ~[spring-context-6.1.12.jar:6.1.12]
	at org.springframework.boot.web.servlet.context.ServletWebServerApplicationContext.refresh(ServletWebServerApplicationContext.java:146) ~[spring-boot-3.3.3.jar:3.3.3]
	at org.springframework.boot.SpringApplication.refresh(SpringApplication.java:754) ~[spring-boot-3.3.3.jar:3.3.3]
	at org.springframework.boot.SpringApplication.refreshContext(SpringApplication.java:456) ~[spring-boot-3.3.3.jar:3.3.3]
	at org.springframework.boot.SpringApplication.run(SpringApplication.java:335) ~[spring-boot-3.3.3.jar:3.3.3]
	at org.springframework.boot.SpringApplication.run(SpringApplication.java:1363) ~[spring-boot-3.3.3.jar:3.3.3]
	at org.springframework.boot.SpringApplication.run(SpringApplication.java:1352) ~[spring-boot-3.3.3.jar:3.3.3]
	at com.loyalty.loyalty_simulator.LoyaltySimulatorApplication.main(LoyaltySimulatorApplication.java:10) ~[main/:na]

2024-10-01T15:45:24.626+07:00 ERROR 5204 --- [loyalty-simulator] [main] j.LocalContainerEntityManagerFactoryBean : Failed to initialize JPA EntityManagerFactory: Unable to create requested service [org.hibernate.engine.jdbc.env.spi.JdbcEnvironment] due to: Unable to determine Dialect without JDBC metadata (please set 'jakarta.persistence.jdbc.url' for common cases or 'hibernate.dialect' when a custom Dialect implementation must be provided)
2024-10-01T15:45:24.627+07:00  WARN 5204 --- [loyalty-simulator] [main] ConfigServletWebServerApplicationContext : Exception encountered during context initialization - cancelling refresh attempt: org.springframework.beans.factory.BeanCreationException: Error creating bean with name 'entityManagerFactory' defined in class path resource [org/springframework/boot/autoconfigure/orm/jpa/HibernateJpaConfiguration.class]: Unable to create requested service [org.hibernate.engine.jdbc.env.spi.JdbcEnvironment] due to: Unable to determine Dialect without JDBC metadata (please set 'jakarta.persistence.jdbc.url' for common cases or 'hibernate.dialect' when a custom Dialect implementation must be provided)
2024-10-01T15:45:24.632+07:00  INFO 5204 --- [loyalty-simulator] [main] o.apache.catalina.core.StandardService   : Stopping service [Tomcat]
2024-10-01T15:45:24.649+07:00  INFO 5204 --- [loyalty-simulator] [main] .s.b.a.l.ConditionEvaluationReportLogger : 

Error starting ApplicationContext. To display the condition evaluation report re-run your application with 'debug' enabled.
2024-10-01T15:45:24.678+07:00 ERROR 5204 --- [loyalty-simulator] [main] o.s.boot.SpringApplication               : Application run failed

org.springframework.beans.factory.BeanCreationException: Error creating bean with name 'entityManagerFactory' defined in class path resource [org/springframework/boot/autoconfigure/orm/jpa/HibernateJpaConfiguration.class]: Unable to create requested service [org.hibernate.engine.jdbc.env.spi.JdbcEnvironment] due to: Unable to determine Dialect without JDBC metadata (please set 'jakarta.persistence.jdbc.url' for common cases or 'hibernate.dialect' when a custom Dialect implementation must be provided)
	at org.springframework.beans.factory.support.AbstractAutowireCapableBeanFactory.initializeBean(AbstractAutowireCapableBeanFactory.java:1806) ~[spring-beans-6.1.12.jar:6.1.12]
	at org.springframework.beans.factory.support.AbstractAutowireCapableBeanFactory.doCreateBean(AbstractAutowireCapableBeanFactory.java:600) ~[spring-beans-6.1.12.jar:6.1.12]
	at org.springframework.beans.factory.support.AbstractAutowireCapableBeanFactory.createBean(AbstractAutowireCapableBeanFactory.java:522) ~[spring-beans-6.1.12.jar:6.1.12]
	at org.springframework.beans.factory.support.AbstractBeanFactory.lambda$doGetBean$0(AbstractBeanFactory.java:337) ~[spring-beans-6.1.12.jar:6.1.12]
	at org.springframework.beans.factory.support.DefaultSingletonBeanRegistry.getSingleton(DefaultSingletonBeanRegistry.java:234) ~[spring-beans-6.1.12.jar:6.1.12]
	at org.springframework.beans.factory.support.AbstractBeanFactory.doGetBean(AbstractBeanFactory.java:335) ~[spring-beans-6.1.12.jar:6.1.12]
	at org.springframework.beans.factory.support.AbstractBeanFactory.getBean(AbstractBeanFactory.java:205) ~[spring-beans-6.1.12.jar:6.1.12]
	at org.springframework.context.support.AbstractApplicationContext.finishBeanFactoryInitialization(AbstractApplicationContext.java:954) ~[spring-context-6.1.12.jar:6.1.12]
	at org.springframework.context.support.AbstractApplicationContext.refresh(AbstractApplicationContext.java:625) ~[spring-context-6.1.12.jar:6.1.12]
	at org.springframework.boot.web.servlet.context.ServletWebServerApplicationContext.refresh(ServletWebServerApplicationContext.java:146) ~[spring-boot-3.3.3.jar:3.3.3]
	at org.springframework.boot.SpringApplication.refresh(SpringApplication.java:754) ~[spring-boot-3.3.3.jar:3.3.3]
	at org.springframework.boot.SpringApplication.refreshContext(SpringApplication.java:456) ~[spring-boot-3.3.3.jar:3.3.3]
	at org.springframework.boot.SpringApplication.run(SpringApplication.java:335) ~[spring-boot-3.3.3.jar:3.3.3]
	at org.springframework.boot.SpringApplication.run(SpringApplication.java:1363) ~[spring-boot-3.3.3.jar:3.3.3]
	at org.springframework.boot.SpringApplication.run(SpringApplication.java:1352) ~[spring-boot-3.3.3.jar:3.3.3]
	at com.loyalty.loyalty_simulator.LoyaltySimulatorApplication.main(LoyaltySimulatorApplication.java:10) ~[main/:na]
Caused by: org.hibernate.service.spi.ServiceException: Unable to create requested service [org.hibernate.engine.jdbc.env.spi.JdbcEnvironment] due to: Unable to determine Dialect without JDBC metadata (please set 'jakarta.persistence.jdbc.url' for common cases or 'hibernate.dialect' when a custom Dialect implementation must be provided)
	at org.hibernate.service.internal.AbstractServiceRegistryImpl.createService(AbstractServiceRegistryImpl.java:276) ~[hibernate-core-6.5.2.Final.jar:6.5.2.Final]
	at org.hibernate.service.internal.AbstractServiceRegistryImpl.initializeService(AbstractServiceRegistryImpl.java:238) ~[hibernate-core-6.5.2.Final.jar:6.5.2.Final]
	at org.hibernate.service.internal.AbstractServiceRegistryImpl.getService(AbstractServiceRegistryImpl.java:215) ~[hibernate-core-6.5.2.Final.jar:6.5.2.Final]
	at org.hibernate.boot.model.relational.Database.<init>(Database.java:45) ~[hibernate-core-6.5.2.Final.jar:6.5.2.Final]
	at org.hibernate.boot.internal.InFlightMetadataCollectorImpl.getDatabase(InFlightMetadataCollectorImpl.java:221) ~[hibernate-core-6.5.2.Final.jar:6.5.2.Final]
	at org.hibernate.boot.internal.InFlightMetadataCollectorImpl.<init>(InFlightMetadataCollectorImpl.java:189) ~[hibernate-core-6.5.2.Final.jar:6.5.2.Final]
	at org.hibernate.boot.model.process.spi.MetadataBuildingProcess.complete(MetadataBuildingProcess.java:171) ~[hibernate-core-6.5.2.Final.jar:6.5.2.Final]
	at org.hibernate.jpa.boot.internal.EntityManagerFactoryBuilderImpl.metadata(EntityManagerFactoryBuilderImpl.java:1431) ~[hibernate-core-6.5.2.Final.jar:6.5.2.Final]
	at org.hibernate.jpa.boot.internal.EntityManagerFactoryBuilderImpl.build(EntityManagerFactoryBuilderImpl.java:1502) ~[hibernate-core-6.5.2.Final.jar:6.5.2.Final]
	at org.springframework.orm.jpa.vendor.SpringHibernateJpaPersistenceProvider.createContainerEntityManagerFactory(SpringHibernateJpaPersistenceProvider.java:75) ~[spring-orm-6.1.12.jar:6.1.12]
	at org.springframework.orm.jpa.LocalContainerEntityManagerFactoryBean.createNativeEntityManagerFactory(LocalContainerEntityManagerFactoryBean.java:390) ~[spring-orm-6.1.12.jar:6.1.12]
	at org.springframework.orm.jpa.AbstractEntityManagerFactoryBean.buildNativeEntityManagerFactory(AbstractEntityManagerFactoryBean.java:409) ~[spring-orm-6.1.12.jar:6.1.12]
	at org.springframework.orm.jpa.AbstractEntityManagerFactoryBean.afterPropertiesSet(AbstractEntityManagerFactoryBean.java:396) ~[spring-orm-6.1.12.jar:6.1.12]
	at org.springframework.orm.jpa.LocalContainerEntityManagerFactoryBean.afterPropertiesSet(LocalContainerEntityManagerFactoryBean.java:366) ~[spring-orm-6.1.12.jar:6.1.12]
	at org.springframework.beans.factory.support.AbstractAutowireCapableBeanFactory.invokeInitMethods(AbstractAutowireCapableBeanFactory.java:1853) ~[spring-beans-6.1.12.jar:6.1.12]
	at org.springframework.beans.factory.support.AbstractAutowireCapableBeanFactory.initializeBean(AbstractAutowireCapableBeanFactory.java:1802) ~[spring-beans-6.1.12.jar:6.1.12]
	... 15 common frames omitted
Caused by: org.hibernate.HibernateException: Unable to determine Dialect without JDBC metadata (please set 'jakarta.persistence.jdbc.url' for common cases or 'hibernate.dialect' when a custom Dialect implementation must be provided)
	at org.hibernate.engine.jdbc.dialect.internal.DialectFactoryImpl.determineDialect(DialectFactoryImpl.java:191) ~[hibernate-core-6.5.2.Final.jar:6.5.2.Final]
	at org.hibernate.engine.jdbc.dialect.internal.DialectFactoryImpl.buildDialect(DialectFactoryImpl.java:87) ~[hibernate-core-6.5.2.Final.jar:6.5.2.Final]
	at org.hibernate.engine.jdbc.env.internal.JdbcEnvironmentInitiator.getJdbcEnvironmentWithDefaults(JdbcEnvironmentInitiator.java:152) ~[hibernate-core-6.5.2.Final.jar:6.5.2.Final]
	at org.hibernate.engine.jdbc.env.internal.JdbcEnvironmentInitiator.getJdbcEnvironmentUsingJdbcMetadata(JdbcEnvironmentInitiator.java:362) ~[hibernate-core-6.5.2.Final.jar:6.5.2.Final]
	at org.hibernate.engine.jdbc.env.internal.JdbcEnvironmentInitiator.initiateService(JdbcEnvironmentInitiator.java:123) ~[hibernate-core-6.5.2.Final.jar:6.5.2.Final]
	at org.hibernate.engine.jdbc.env.internal.JdbcEnvironmentInitiator.initiateService(JdbcEnvironmentInitiator.java:77) ~[hibernate-core-6.5.2.Final.jar:6.5.2.Final]
	at org.hibernate.boot.registry.internal.StandardServiceRegistryImpl.initiateService(StandardServiceRegistryImpl.java:130) ~[hibernate-core-6.5.2.Final.jar:6.5.2.Final]
	at org.hibernate.service.internal.AbstractServiceRegistryImpl.createService(AbstractServiceRegistryImpl.java:263) ~[hibernate-core-6.5.2.Final.jar:6.5.2.Final]
	... 30 common frames omitted

2024-10-01T15:49:57.998+07:00  INFO 14180 --- [loyalty-simulator] [main] c.l.l.LoyaltySimulatorApplication        : Starting LoyaltySimulatorApplication using Java 17.0.11 with PID 14180 (D:\coding\loyalty-simulator\build\classes\java\main started by 67754 in D:\coding\loyalty-simulator)
2024-10-01T15:49:58.003+07:00  INFO 14180 --- [loyalty-simulator] [main] c.l.l.LoyaltySimulatorApplication        : No active profile set, falling back to 1 default profile: "default"
2024-10-01T15:49:58.675+07:00  INFO 14180 --- [loyalty-simulator] [main] .s.d.r.c.RepositoryConfigurationDelegate : Bootstrapping Spring Data JPA repositories in DEFAULT mode.
2024-10-01T15:49:58.768+07:00  INFO 14180 --- [loyalty-simulator] [main] .s.d.r.c.RepositoryConfigurationDelegate : Finished Spring Data repository scanning in 84 ms. Found 5 JPA repository interfaces.
2024-10-01T15:49:59.268+07:00  INFO 14180 --- [loyalty-simulator] [main] o.s.b.w.embedded.tomcat.TomcatWebServer  : Tomcat initialized with port 8080 (http)
2024-10-01T15:49:59.281+07:00  INFO 14180 --- [loyalty-simulator] [main] o.apache.catalina.core.StandardService   : Starting service [Tomcat]
2024-10-01T15:49:59.281+07:00  INFO 14180 --- [loyalty-simulator] [main] o.apache.catalina.core.StandardEngine    : Starting Servlet engine: [Apache Tomcat/10.1.28]
2024-10-01T15:49:59.353+07:00  INFO 14180 --- [loyalty-simulator] [main] o.a.c.c.C.[Tomcat].[localhost].[/]       : Initializing Spring embedded WebApplicationContext
2024-10-01T15:49:59.354+07:00  INFO 14180 --- [loyalty-simulator] [main] w.s.c.ServletWebServerApplicationContext : Root WebApplicationContext: initialization completed in 1315 ms
2024-10-01T15:49:59.685+07:00  INFO 14180 --- [loyalty-simulator] [main] o.hibernate.jpa.internal.util.LogHelper  : HHH000204: Processing PersistenceUnitInfo [name: default]
2024-10-01T15:49:59.853+07:00  INFO 14180 --- [loyalty-simulator] [main] org.hibernate.Version                    : HHH000412: Hibernate ORM core version 6.5.2.Final
2024-10-01T15:49:59.897+07:00  INFO 14180 --- [loyalty-simulator] [main] o.h.c.internal.RegionFactoryInitiator    : HHH000026: Second-level cache disabled
2024-10-01T15:50:00.278+07:00  INFO 14180 --- [loyalty-simulator] [main] o.s.o.j.p.SpringPersistenceUnitInfo      : No LoadTimeWeaver setup: ignoring JPA class transformer
2024-10-01T15:50:00.303+07:00  INFO 14180 --- [loyalty-simulator] [main] com.zaxxer.hikari.HikariDataSource       : HikariPool-1 - Starting...
2024-10-01T15:50:00.954+07:00  INFO 14180 --- [loyalty-simulator] [main] com.zaxxer.hikari.pool.HikariPool        : HikariPool-1 - Added connection oracle.jdbc.driver.T4CConnection@4afd65fd
2024-10-01T15:50:00.959+07:00  INFO 14180 --- [loyalty-simulator] [main] com.zaxxer.hikari.HikariDataSource       : HikariPool-1 - Start completed.
2024-10-01T15:50:01.274+07:00  WARN 14180 --- [loyalty-simulator] [main] org.hibernate.dialect.Dialect            : HHH000511: The 12.2.0 version for [org.hibernate.dialect.OracleDialect] is no longer supported, hence certain features may not work properly. The minimum supported version is 19.0.0. Check the community dialects project for available legacy versions.
2024-10-01T15:50:05.156+07:00  INFO 14180 --- [loyalty-simulator] [main] o.h.e.t.j.p.i.JtaPlatformInitiator       : HHH000489: No JTA platform available (set 'hibernate.transaction.jta.platform' to enable JTA platform integration)
2024-10-01T15:50:11.392+07:00  INFO 14180 --- [loyalty-simulator] [main] j.LocalContainerEntityManagerFactoryBean : Initialized JPA EntityManagerFactory for persistence unit 'default'
2024-10-01T15:50:11.913+07:00  WARN 14180 --- [loyalty-simulator] [main] JpaBaseConfiguration$JpaWebConfiguration : spring.jpa.open-in-view is enabled by default. Therefore, database queries may be performed during view rendering. Explicitly configure spring.jpa.open-in-view to disable this warning
2024-10-01T15:50:12.291+07:00  INFO 14180 --- [loyalty-simulator] [main] o.s.b.w.embedded.tomcat.TomcatWebServer  : Tomcat started on port 8080 (http) with context path '/'
2024-10-01T15:50:12.299+07:00  INFO 14180 --- [loyalty-simulator] [main] c.l.l.LoyaltySimulatorApplication        : Started LoyaltySimulatorApplication in 14.834 seconds (process running for 15.456)
2024-10-01T15:50:19.131+07:00  INFO 14180 --- [loyalty-simulator] [http-nio-8080-exec-3] o.a.c.c.C.[Tomcat].[localhost].[/]       : Initializing Spring DispatcherServlet 'dispatcherServlet'
2024-10-01T15:50:19.131+07:00  INFO 14180 --- [loyalty-simulator] [http-nio-8080-exec-3] o.s.web.servlet.DispatcherServlet        : Initializing Servlet 'dispatcherServlet'
2024-10-01T15:50:19.133+07:00  INFO 14180 --- [loyalty-simulator] [http-nio-8080-exec-3] o.s.web.servlet.DispatcherServlet        : Completed initialization in 2 ms
2024-10-01T15:50:19.552+07:00  WARN 14180 --- [loyalty-simulator] [http-nio-8080-exec-3] o.h.engine.jdbc.spi.SqlExceptionHelper   : SQL Error: 1, SQLState: 23000
2024-10-01T15:50:19.553+07:00 ERROR 14180 --- [loyalty-simulator] [http-nio-8080-exec-3] o.h.engine.jdbc.spi.SqlExceptionHelper   : ORA-00001: unique constraint (EPURSEPLUS.UK6I0P0QECJVHV3SU94YQ9UWL67) violated

2024-10-01T15:50:30.051+07:00  WARN 14180 --- [loyalty-simulator] [http-nio-8080-exec-4] c.l.l.services.CalculatePointService     : transaction not found
2024-10-01T16:28:24.224+07:00  INFO 14180 --- [loyalty-simulator] [SpringApplicationShutdownHook] j.LocalContainerEntityManagerFactoryBean : Closing JPA EntityManagerFactory for persistence unit 'default'
2024-10-01T16:28:24.231+07:00  INFO 14180 --- [loyalty-simulator] [SpringApplicationShutdownHook] com.zaxxer.hikari.HikariDataSource       : HikariPool-1 - Shutdown initiated...
2024-10-01T16:28:24.529+07:00  INFO 14180 --- [loyalty-simulator] [SpringApplicationShutdownHook] com.zaxxer.hikari.HikariDataSource       : HikariPool-1 - Shutdown completed.
2024-10-01T16:28:28.477+07:00  INFO 22872 --- [loyalty-simulator] [main] c.l.l.LoyaltySimulatorApplication        : Starting LoyaltySimulatorApplication using Java 17.0.11 with PID 22872 (D:\coding\loyalty-simulator\build\classes\java\main started by 67754 in D:\coding\loyalty-simulator)
2024-10-01T16:28:28.479+07:00  INFO 22872 --- [loyalty-simulator] [main] c.l.l.LoyaltySimulatorApplication        : No active profile set, falling back to 1 default profile: "default"
2024-10-01T16:28:29.137+07:00  INFO 22872 --- [loyalty-simulator] [main] .s.d.r.c.RepositoryConfigurationDelegate : Bootstrapping Spring Data JPA repositories in DEFAULT mode.
2024-10-01T16:28:29.206+07:00  INFO 22872 --- [loyalty-simulator] [main] .s.d.r.c.RepositoryConfigurationDelegate : Finished Spring Data repository scanning in 62 ms. Found 5 JPA repository interfaces.
2024-10-01T16:28:29.674+07:00  INFO 22872 --- [loyalty-simulator] [main] o.s.b.w.embedded.tomcat.TomcatWebServer  : Tomcat initialized with port 8080 (http)
2024-10-01T16:28:29.683+07:00  INFO 22872 --- [loyalty-simulator] [main] o.apache.catalina.core.StandardService   : Starting service [Tomcat]
2024-10-01T16:28:29.683+07:00  INFO 22872 --- [loyalty-simulator] [main] o.apache.catalina.core.StandardEngine    : Starting Servlet engine: [Apache Tomcat/10.1.28]
2024-10-01T16:28:29.739+07:00  INFO 22872 --- [loyalty-simulator] [main] o.a.c.c.C.[Tomcat].[localhost].[/]       : Initializing Spring embedded WebApplicationContext
2024-10-01T16:28:29.739+07:00  INFO 22872 --- [loyalty-simulator] [main] w.s.c.ServletWebServerApplicationContext : Root WebApplicationContext: initialization completed in 1193 ms
2024-10-01T16:28:29.851+07:00  INFO 22872 --- [loyalty-simulator] [main] o.hibernate.jpa.internal.util.LogHelper  : HHH000204: Processing PersistenceUnitInfo [name: default]
2024-10-01T16:28:29.893+07:00  INFO 22872 --- [loyalty-simulator] [main] org.hibernate.Version                    : HHH000412: Hibernate ORM core version 6.5.2.Final
2024-10-01T16:28:29.919+07:00  INFO 22872 --- [loyalty-simulator] [main] o.h.c.internal.RegionFactoryInitiator    : HHH000026: Second-level cache disabled
2024-10-01T16:28:30.195+07:00  INFO 22872 --- [loyalty-simulator] [main] o.s.o.j.p.SpringPersistenceUnitInfo      : No LoadTimeWeaver setup: ignoring JPA class transformer
2024-10-01T16:28:30.230+07:00  INFO 22872 --- [loyalty-simulator] [main] com.zaxxer.hikari.HikariDataSource       : HikariPool-1 - Starting...
2024-10-01T16:28:30.688+07:00  INFO 22872 --- [loyalty-simulator] [main] com.zaxxer.hikari.pool.HikariPool        : HikariPool-1 - Added connection oracle.jdbc.driver.T4CConnection@7534785a
2024-10-01T16:28:30.694+07:00  INFO 22872 --- [loyalty-simulator] [main] com.zaxxer.hikari.HikariDataSource       : HikariPool-1 - Start completed.
2024-10-01T16:28:30.892+07:00  WARN 22872 --- [loyalty-simulator] [main] org.hibernate.dialect.Dialect            : HHH000511: The 12.2.0 version for [org.hibernate.dialect.OracleDialect] is no longer supported, hence certain features may not work properly. The minimum supported version is 19.0.0. Check the community dialects project for available legacy versions.
2024-10-01T16:28:33.279+07:00  INFO 22872 --- [loyalty-simulator] [main] o.h.e.t.j.p.i.JtaPlatformInitiator       : HHH000489: No JTA platform available (set 'hibernate.transaction.jta.platform' to enable JTA platform integration)
2024-10-01T16:28:35.537+07:00  INFO 22872 --- [loyalty-simulator] [main] j.LocalContainerEntityManagerFactoryBean : Initialized JPA EntityManagerFactory for persistence unit 'default'
2024-10-01T16:28:36.005+07:00  WARN 22872 --- [loyalty-simulator] [main] JpaBaseConfiguration$JpaWebConfiguration : spring.jpa.open-in-view is enabled by default. Therefore, database queries may be performed during view rendering. Explicitly configure spring.jpa.open-in-view to disable this warning
2024-10-01T16:28:36.359+07:00  INFO 22872 --- [loyalty-simulator] [main] o.s.b.w.embedded.tomcat.TomcatWebServer  : Tomcat started on port 8080 (http) with context path '/'
2024-10-01T16:28:36.373+07:00  INFO 22872 --- [loyalty-simulator] [main] c.l.l.LoyaltySimulatorApplication        : Started LoyaltySimulatorApplication in 8.391 seconds (process running for 9.025)
2024-10-01T16:29:40.313+07:00  INFO 22872 --- [loyalty-simulator] [http-nio-8080-exec-2] o.a.c.c.C.[Tomcat].[localhost].[/]       : Initializing Spring DispatcherServlet 'dispatcherServlet'
2024-10-01T16:29:40.313+07:00  INFO 22872 --- [loyalty-simulator] [http-nio-8080-exec-2] o.s.web.servlet.DispatcherServlet        : Initializing Servlet 'dispatcherServlet'
2024-10-01T16:29:40.321+07:00  INFO 22872 --- [loyalty-simulator] [http-nio-8080-exec-2] o.s.web.servlet.DispatcherServlet        : Completed initialization in 8 ms
2024-10-01T16:29:48.623+07:00  WARN 22872 --- [loyalty-simulator] [http-nio-8080-exec-3] c.l.l.services.CalculatePointService     : transaction amount lower than amount increment
2024-10-01T16:30:14.786+07:00  WARN 22872 --- [loyalty-simulator] [http-nio-8080-exec-4] c.l.l.services.CalculatePointService     : rules not match
